This is pdfTeX, Version 3.1415926-1.40.10 (TeX Live 2009/Debian) (format=pdflatex 2016.3.17)  21 MAR 2016 08:00
entering extended mode
 file:line:error style messages enabled.
 %&-line parsing enabled.
**\input chapter1.tex
(./chapter1.tex (/home/rutwik/texmf/tex/latex/subfiles/subfiles.cls
Document Class: subfiles 2012/05/23 Federico Garcia
(/usr/share/texmf-texlive/tex/latex/tools/verbatim.sty
Package: verbatim 2003/08/22 v1.5q LaTeX2e package for verbatim enhancements
\every@verbatim=\toks14
\verbatim@line=\toks15
\verbatim@in@stream=\read1
)
Preamble taken from file `rutwik_proposal.tex'
(./rutwik_proposal.tex (/usr/share/texmf-texlive/tex/latex/base/report.cls
Document Class: report 2007/10/19 v1.4h Standard LaTeX document class
(/usr/share/texmf-texlive/tex/latex/base/size10.clo
File: size10.clo 2007/10/19 v1.4h Standard LaTeX file (size option)
)
\c@part=\count79
\c@chapter=\count80
\c@section=\count81
\c@subsection=\count82
\c@subsubsection=\count83
\c@paragraph=\count84
\c@subparagraph=\count85
\c@figure=\count86
\c@table=\count87
\abovecaptionskip=\skip41
\belowcaptionskip=\skip42
\bibindent=\dimen102
)
(/home/rutwik/texmf/tex/latex/subfiles/subfiles.sty
Package: subfiles 2012/05/23 Federico Garcia
))) (./chapter1.aux)
\openout1 = `chapter1.aux'.

LaTeX Font Info:    Checking defaults for OML/cmm/m/it on input line 3.
LaTeX Font Info:    ... okay on input line 3.
LaTeX Font Info:    Checking defaults for T1/cmr/m/n on input line 3.
LaTeX Font Info:    ... okay on input line 3.
LaTeX Font Info:    Checking defaults for OT1/cmr/m/n on input line 3.
LaTeX Font Info:    ... okay on input line 3.
LaTeX Font Info:    Checking defaults for OMS/cmsy/m/n on input line 3.
LaTeX Font Info:    ... okay on input line 3.
LaTeX Font Info:    Checking defaults for OMX/cmex/m/n on input line 3.
LaTeX Font Info:    ... okay on input line 3.
LaTeX Font Info:    Checking defaults for U/cmr/m/n on input line 3.
LaTeX Font Info:    ... okay on input line 3.

Chapter 1.
[1


{/var/lib/texmf/fonts/map/pdftex/updmap/pdftex.map}] [2]
Chapter 2.
[3

]
Chapter 3.
[4

]
Chapter 4.
[5

] (./chapter1.aux) ) 
Here is how much of TeX's memory you used:
 295 strings out of 493848
 3653 string characters out of 1152823
 53898 words of memory out of 3000000
 3641 multiletter control sequences out of 15000+50000
 5763 words of font info for 21 fonts, out of 3000000 for 9000
 714 hyphenation exceptions out of 8191
 31i,4n,19p,822b,111s stack positions out of 5000i,500n,10000p,200000b,50000s
</usr/share/texmf-texlive/fonts/type1/public/amsfonts/cm/cm
bx12.pfb></usr/share/texmf-texlive/fonts/type1/public/amsfonts/cm/cmr10.pfb>
Output written on chapter1.pdf (5 pages, 38921 bytes).
PDF statistics:
 26 PDF objects out of 1000 (max. 8388607)
 0 named destinations out of 1000 (max. 500000)
 1 words of extra memory for PDF output out of 10000 (max. 10000000)

